2022-11-01 18:40:55,911 INFO o.s.b.StartupInfoLogger [restartedMain] Starting Temple1SpringBootApplication on LAPTOP-8T96NHL7 with PID 15508 (C:\Users\HP\eclipse-workspace\TempleFrontEnd\target\classes started by HP in C:\Users\HP\eclipse-workspace\TempleFrontEnd)
2022-11-01 18:40:55,926 INFO o.s.b.SpringApplication [restartedMain] No active profile set, falling back to default profiles: default
2022-11-01 18:40:55,974 INFO o.s.b.l.DeferredLog [restartedMain] The Class-Path manifest attribute in C:\Users\HP\.m2\repository\org\glassfish\jaxb\jaxb-runtime\2.3.2\jaxb-runtime-2.3.2.jar referenced one or more files that do not exist: file:/C:/Users/HP/.m2/repository/org/glassfish/jaxb/jaxb-runtime/2.3.2/jakarta.xml.bind-api-2.3.2.jar,file:/C:/Users/HP/.m2/repository/org/glassfish/jaxb/jaxb-runtime/2.3.2/txw2-2.3.2.jar,file:/C:/Users/HP/.m2/repository/org/glassfish/jaxb/jaxb-runtime/2.3.2/istack-commons-runtime-3.0.8.jar,file:/C:/Users/HP/.m2/repository/org/glassfish/jaxb/jaxb-runtime/2.3.2/stax-ex-1.8.1.jar,file:/C:/Users/HP/.m2/repository/org/glassfish/jaxb/jaxb-runtime/2.3.2/FastInfoset-1.2.16.jar,file:/C:/Users/HP/.m2/repository/org/glassfish/jaxb/jaxb-runtime/2.3.2/jakarta.activation-api-1.2.1.jar
2022-11-01 18:40:55,975 INFO o.s.b.l.DeferredLog [restartedMain] Devtools property defaults active! Set 'spring.devtools.add-properties' to 'false' to disable
2022-11-01 18:40:55,976 INFO o.s.b.l.DeferredLog [restartedMain] For additional web related logging consider setting the 'logging.level.web' property to 'DEBUG'
2022-11-01 18:40:56,707 INFO o.s.d.r.c.RepositoryConfigurationDelegate [restartedMain] Bootstrapping Spring Data JPA repositories in DEFAULT mode.
2022-11-01 18:40:58,194 INFO o.s.d.r.c.RepositoryConfigurationDelegate [restartedMain] Finished Spring Data repository scanning in 1478ms. Found 9 JPA repository interfaces.
2022-11-01 18:40:58,797 INFO o.s.c.s.PostProcessorRegistrationDelegate$BeanPostProcessorChecker [restartedMain] Bean 'org.springframework.transaction.annotation.ProxyTransactionManagementConfiguration' of type [org.springframework.transaction.annotation.ProxyTransactionManagementConfiguration] is not eligible for getting processed by all BeanPostProcessors (for example: not eligible for auto-proxying)
2022-11-01 18:40:59,120 INFO o.s.b.w.e.t.TomcatWebServer [restartedMain] Tomcat initialized with port(s): 8091 (http)
2022-11-01 18:40:59,131 INFO o.a.j.l.DirectJDKLog [restartedMain] Initializing ProtocolHandler ["http-nio-8091"]
2022-11-01 18:40:59,132 INFO o.a.j.l.DirectJDKLog [restartedMain] Starting service [Tomcat]
2022-11-01 18:40:59,133 INFO o.a.j.l.DirectJDKLog [restartedMain] Starting Servlet engine: [Apache Tomcat/9.0.30]
2022-11-01 18:40:59,308 INFO o.a.j.l.DirectJDKLog [restartedMain] Initializing Spring embedded WebApplicationContext
2022-11-01 18:40:59,308 INFO o.s.b.w.s.c.ServletWebServerApplicationContext [restartedMain] Root WebApplicationContext: initialization completed in 3332 ms
2022-11-01 18:40:59,551 INFO o.h.j.i.u.LogHelper [restartedMain] HHH000204: Processing PersistenceUnitInfo [name: default]
2022-11-01 18:40:59,699 INFO o.h.Version [restartedMain] HHH000412: Hibernate Core {5.4.10.Final}
2022-11-01 18:40:59,872 INFO o.h.a.c.r.j.JavaReflectionManager [restartedMain] HCANN000001: Hibernate Commons Annotations {5.1.0.Final}
2022-11-01 18:40:59,986 INFO c.z.h.HikariDataSource [restartedMain] HikariPool-1 - Starting...
2022-11-01 18:41:00,736 INFO c.z.h.p.PoolBase [restartedMain] HikariPool-1 - Driver does not support get/set network timeout for connections. (Receiver class oracle.jdbc.driver.T4CConnection does not define or inherit an implementation of the resolved method abstract getNetworkTimeout()I of interface java.sql.Connection.)
2022-11-01 18:41:00,743 INFO c.z.h.HikariDataSource [restartedMain] HikariPool-1 - Start completed.
2022-11-01 18:41:00,788 INFO o.h.d.Dialect [restartedMain] HHH000400: Using dialect: org.hibernate.dialect.Oracle10gDialect
2022-11-01 18:41:02,151 INFO o.h.e.t.j.p.i.JtaPlatformInitiator [restartedMain] HHH000490: Using JtaPlatform implementation: [org.hibernate.engine.transaction.jta.platform.internal.NoJtaPlatform]
2022-11-01 18:41:02,160 INFO o.s.o.j.AbstractEntityManagerFactoryBean [restartedMain] Initialized JPA EntityManagerFactory for persistence unit 'default'
2022-11-01 18:41:02,191 INFO o.s.b.d.a.OptionalLiveReloadServer [restartedMain] LiveReload server is running on port 35729
2022-11-01 18:41:02,911 WARN o.s.b.a.o.j.JpaBaseConfiguration$JpaWebConfiguration [restartedMain] spring.jpa.open-in-view is enabled by default. Therefore, database queries may be performed during view rendering. Explicitly configure spring.jpa.open-in-view to disable this warning
2022-11-01 18:41:03,043 INFO o.s.s.c.ExecutorConfigurationSupport [restartedMain] Initializing ExecutorService 'applicationTaskExecutor'
2022-11-01 18:41:03,913 INFO o.a.j.l.DirectJDKLog [restartedMain] Starting ProtocolHandler ["http-nio-8091"]
2022-11-01 18:41:03,941 INFO o.s.b.w.e.t.TomcatWebServer [restartedMain] Tomcat started on port(s): 8091 (http) with context path ''
2022-11-01 18:41:03,943 INFO o.s.b.StartupInfoLogger [restartedMain] Started Temple1SpringBootApplication in 8.361 seconds (JVM running for 10.269)
2022-11-01 18:41:24,091 INFO o.a.j.l.DirectJDKLog [http-nio-8091-exec-1] Initializing Spring DispatcherServlet 'dispatcherServlet'
2022-11-01 18:41:24,091 INFO o.s.w.s.FrameworkServlet [http-nio-8091-exec-1] Initializing Servlet 'dispatcherServlet'
2022-11-01 18:41:24,114 INFO o.s.w.s.FrameworkServlet [http-nio-8091-exec-1] Completed initialization in 23 ms
2022-11-01 18:42:16,126 INFO o.s.b.a.SpringApplicationAdminMXBeanRegistrar$SpringApplicationAdmin [RMI TCP Connection(4)-127.0.0.1] Application shutdown requested.
2022-11-01 18:42:16,132 INFO o.s.s.c.ExecutorConfigurationSupport [RMI TCP Connection(4)-127.0.0.1] Shutting down ExecutorService 'applicationTaskExecutor'
2022-11-01 18:42:16,140 INFO o.s.o.j.AbstractEntityManagerFactoryBean [RMI TCP Connection(4)-127.0.0.1] Closing JPA EntityManagerFactory for persistence unit 'default'
2022-11-01 18:42:16,149 INFO c.z.h.HikariDataSource [RMI TCP Connection(4)-127.0.0.1] HikariPool-1 - Shutdown initiated...
2022-11-01 18:42:16,160 INFO c.z.h.HikariDataSource [RMI TCP Connection(4)-127.0.0.1] HikariPool-1 - Shutdown completed.
